<?xml version="1.0" encoding="UTF-8"?>
<testng-results ignored="0" total="1" passed="1" failed="0" skipped="0">
  <reporter-output>
  </reporter-output>
  <suite started-at="2024-12-14T12:15:32 IST" name="Default suite" finished-at="2024-12-14T12:15:40 IST" duration-ms="8055">
    <groups>
    </groups>
    <test started-at="2024-12-14T12:15:32 IST" name="Default test" finished-at="2024-12-14T12:15:40 IST" duration-ms="8055">
      <class name="TestNG.CreateCampaign">
        <test-method signature="CreateCampaignTest()[pri:0, instance:TestNG.CreateCampaign@18d87d80]" started-at="2024-12-14T12:15:32 IST" name="CreateCampaignTest" finished-at="2024-12-14T12:15:40 IST" duration-ms="8001" status="PASS">
          <reporter-output>
          </reporter-output>
        </test-method> <!-- CreateCampaignTest -->
      </class> <!-- TestNG.CreateCampaign -->
    </test> <!-- Default test -->
  </suite> <!-- Default suite -->
</testng-results>
